<?xml version="1.0" encoding="UTF-8"?>
<!-- Generated by org.testng.reporters.JUnitXMLReporter -->
<testsuite ignored="0" hostname="ManeeshaSandeep" failures="0" tests="3" name="Default test" time="0.054" errors="0" timestamp="2024-05-04T16:16:07 IST">
  <testcase classname="company11.testng.Testng" name="testcase1" time="0.019"/>
  <testcase classname="company11.testng.Testng" name="testcase2" time="0.001"/>
  <testcase classname="company11.testng.Testng" name="testcase3" time="0.001"/>
</testsuite> <!-- Default test -->
