<?xml version="1.0" encoding="UTF-8"?>
<testng-results ignored="0" total="3" passed="3" failed="0" skipped="0">
  <reporter-output>
  </reporter-output>
  <suite started-at="2024-05-04T16:16:07 IST" name="Default suite" finished-at="2024-05-04T16:16:07 IST" duration-ms="54">
    <groups>
    </groups>
    <test started-at="2024-05-04T16:16:07 IST" name="Default test" finished-at="2024-05-04T16:16:07 IST" duration-ms="54">
      <class name="company11.testng.Testng">
        <test-method signature="testcase1()[pri:0, instance:company11.testng.Testng@26e356f0]" started-at="2024-05-04T16:16:07 IST" name="testcase1" finished-at="2024-05-04T16:16:07 IST" duration-ms="19" status="PASS">
          <reporter-output>
          </reporter-output>
        </test-method> <!-- testcase1 -->
        <test-method signature="testcase2()[pri:0, instance:company11.testng.Testng@26e356f0]" started-at="2024-05-04T16:16:07 IST" name="testcase2" finished-at="2024-05-04T16:16:07 IST" duration-ms="1" status="PASS">
          <reporter-output>
          </reporter-output>
        </test-method> <!-- testcase2 -->
        <test-method signature="testcase3()[pri:0, instance:company11.testng.Testng@26e356f0]" started-at="2024-05-04T16:16:07 IST" name="testcase3" finished-at="2024-05-04T16:16:07 IST" duration-ms="1" status="PASS">
          <reporter-output>
          </reporter-output>
        </test-method> <!-- testcase3 -->
      </class> <!-- company11.testng.Testng -->
    </test> <!-- Default test -->
  </suite> <!-- Default suite -->
</testng-results>
